Traceback (most recent call last):
  File "/home/user/Code/tidychef/jupyterbook/venv/lib/python3.13/site-packages/jupyter_cache/executors/utils.py", line 58, in single_nb_execution
    executenb(
    ~~~~~~~~~^
        nb,
        ^^^
    ...<4 lines>...
        **kwargs,
        ^^^^^^^^^
    )
    ^
  File "/home/user/Code/tidychef/jupyterbook/venv/lib/python3.13/site-packages/nbclient/client.py", line 1319, in execute
    return NotebookClient(nb=nb, resources=resources, km=km, **kwargs).execute()
           ~~~~~~~~~~~~~~~~~~~~~~~~~~~~~~~~~~~~~~~~~~~~~~~~~~~~~~~~~~~~~~~~~~~^^
  File "/home/user/Code/tidychef/jupyterbook/venv/lib/python3.13/site-packages/jupyter_core/utils/__init__.py", line 165, in wrapped
    return loop.run_until_complete(inner)
           ~~~~~~~~~~~~~~~~~~~~~~~^^^^^^^
  File "/home/user/.pyenv/versions/3.13.0/lib/python3.13/asyncio/base_events.py", line 721, in run_until_complete
    return future.result()
           ~~~~~~~~~~~~~^^
  File "/home/user/Code/tidychef/jupyterbook/venv/lib/python3.13/site-packages/nbclient/client.py", line 709, in async_execute
    await self.async_execute_cell(
        cell, index, execution_count=self.code_cells_executed + 1
    )
  File "/home/user/Code/tidychef/jupyterbook/venv/lib/python3.13/site-packages/nbclient/client.py", line 1062, in async_execute_cell
    await self._check_raise_for_error(cell, cell_index, exec_reply)
  File "/home/user/Code/tidychef/jupyterbook/venv/lib/python3.13/site-packages/nbclient/client.py", line 918, in _check_raise_for_error
    raise CellExecutionError.from_cell_and_msg(cell, exec_reply_content)
nbclient.exceptions.CellExecutionError: An error occurred while executing the following cell:
------------------
selection.shift(right)
------------------


[31m---------------------------------------------------------------------------[39m
[31mOutOfBoundsError[39m                          Traceback (most recent call last)
[36mCell[39m[36m [39m[32mIn[6][39m[32m, line 1[39m
[32m----> [39m[32m1[39m [43mselection[49m[43m.[49m[43mshift[49m[43m([49m[43mright[49m[43m)[49m

[36mFile [39m[32m~/Code/tidychef/jupyterbook/venv/lib/python3.13/site-packages/tidychef/utils/decorators/dontmutate.py:45[39m, in [36mdontmutate.<locals>.wrapper[39m[34m(self, *args, **kwargs)[39m
[32m     42[39m         new_self.filtered = copy.copy([38;5;28mself[39m.filtered)
[32m     43[39m         new_self.filtered.cells = [38;5;28mself[39m.filtered.cells.copy()
[32m---> [39m[32m45[39m [38;5;28;01mreturn[39;00m [43mmethod[49m[43m([49m[43mnew_self[49m[43m,[49m[43m [49m[43m*[49m[43margs[49m[43m,[49m[43m [49m[43m*[49m[43m*[49m[43mkwargs[49m[43m)[49m

[36mFile [39m[32m~/Code/tidychef/jupyterbook/venv/lib/python3.13/site-packages/tidychef/selection/selectable.py:295[39m, in [36mSelectable.shift[39m[34m(self, direction_or_x, possibly_y)[39m
[32m    292[39m         found_cells.append(shifted_cell)
[32m    294[39m [38;5;28;01mif[39;00m [38;5;28mlen[39m(found_cells) == [32m0[39m [38;5;129;01mand[39;00m [38;5;28mlen[39m([38;5;28mself[39m.cells) > [32m0[39m:
[32m--> [39m[32m295[39m     [38;5;28;01mraise[39;00m OutOfBoundsError(
[32m    296[39m         [33m"[39m[33mYou are attempting to shift your selection [39m[33m"[39m
[32m    297[39m         [33m"[39m[33mentirely outside of the boundary of the table.[39m[33m"[39m
[32m    298[39m     )
[32m    300[39m [38;5;28mself[39m.cells = found_cells
[32m    301[39m [38;5;28;01mreturn[39;00m [38;5;28mself[39m

[31mOutOfBoundsError[39m: You are attempting to shift your selection entirely outside of the boundary of the table.

