Traceback (most recent call last):
  File "/home/user/Code/tidychef/jupyterbook/venv/lib/python3.13/site-packages/jupyter_cache/executors/utils.py", line 58, in single_nb_execution
    executenb(
    ~~~~~~~~~^
        nb,
        ^^^
    ...<4 lines>...
        **kwargs,
        ^^^^^^^^^
    )
    ^
  File "/home/user/Code/tidychef/jupyterbook/venv/lib/python3.13/site-packages/nbclient/client.py", line 1319, in execute
    return NotebookClient(nb=nb, resources=resources, km=km, **kwargs).execute()
           ~~~~~~~~~~~~~~~~~~~~~~~~~~~~~~~~~~~~~~~~~~~~~~~~~~~~~~~~~~~~~~~~~~~^^
  File "/home/user/Code/tidychef/jupyterbook/venv/lib/python3.13/site-packages/jupyter_core/utils/__init__.py", line 165, in wrapped
    return loop.run_until_complete(inner)
           ~~~~~~~~~~~~~~~~~~~~~~~^^^^^^^
  File "/home/user/.pyenv/versions/3.13.0/lib/python3.13/asyncio/base_events.py", line 721, in run_until_complete
    return future.result()
           ~~~~~~~~~~~~~^^
  File "/home/user/Code/tidychef/jupyterbook/venv/lib/python3.13/site-packages/nbclient/client.py", line 709, in async_execute
    await self.async_execute_cell(
        cell, index, execution_count=self.code_cells_executed + 1
    )
  File "/home/user/Code/tidychef/jupyterbook/venv/lib/python3.13/site-packages/nbclient/client.py", line 1062, in async_execute_cell
    await self._check_raise_for_error(cell, cell_index, exec_reply)
  File "/home/user/Code/tidychef/jupyterbook/venv/lib/python3.13/site-packages/nbclient/client.py", line 918, in _check_raise_for_error
    raise CellExecutionError.from_cell_and_msg(cell, exec_reply_content)
nbclient.exceptions.CellExecutionError: An error occurred while executing the following cell:
------------------
codes = table.excel_ref("B5:H5").label_as("Codes")
years = table.excel_ref("C7:C10").label_as("Years")
preview(codes, years, bounded="A4:H10")
waffled_selection = years.waffle(right, codes)
------------------


[31m---------------------------------------------------------------------------[39m
[31mAmbiguousWaffleError[39m                      Traceback (most recent call last)
[36mCell[39m[36m [39m[32mIn[5][39m[32m, line 4[39m
[32m      2[39m years = table.excel_ref([33m"[39m[33mC7:C10[39m[33m"[39m).label_as([33m"[39m[33mYears[39m[33m"[39m)
[32m      3[39m preview(codes, years, bounded=[33m"[39m[33mA4:H10[39m[33m"[39m)
[32m----> [39m[32m4[39m waffled_selection = [43myears[49m[43m.[49m[43mwaffle[49m[43m([49m[43mright[49m[43m,[49m[43m [49m[43mcodes[49m[43m)[49m

[36mFile [39m[32m~/Code/tidychef/jupyterbook/venv/lib/python3.13/site-packages/tidychef/utils/decorators/dontmutate.py:45[39m, in [36mdontmutate.<locals>.wrapper[39m[34m(self, *args, **kwargs)[39m
[32m     42[39m         new_self.filtered = copy.copy([38;5;28mself[39m.filtered)
[32m     43[39m         new_self.filtered.cells = [38;5;28mself[39m.filtered.cells.copy()
[32m---> [39m[32m45[39m [38;5;28;01mreturn[39;00m [43mmethod[49m[43m([49m[43mnew_self[49m[43m,[49m[43m [49m[43m*[49m[43margs[49m[43m,[49m[43m [49m[43m*[49m[43m*[49m[43mkwargs[49m[43m)[49m

[36mFile [39m[32m~/Code/tidychef/jupyterbook/venv/lib/python3.13/site-packages/tidychef/selection/selectable.py:540[39m, in [36mSelectable.waffle[39m[34m(self, direction, additional_selection)[39m
[32m    538[39m     highest_x = dfc.maximum_x_offset([38;5;28mself[39m.cells)
[32m    539[39m     [38;5;28;01mif[39;00m [38;5;28many[39m(x.x <= highest_x [38;5;28;01mfor[39;00m x [38;5;129;01min[39;00m additional_selection.cells):
[32m--> [39m[32m540[39m         [38;5;28;01mraise[39;00m AmbiguousWaffleError(
[32m    541[39m             [33m"[39m[33mWhen using waffle right, your additional selections must all [39m[33m"[39m
[32m    542[39m             [33m"[39m[33mbe right of your initial selections.[39m[33m"[39m
[32m    543[39m         )
[32m    544[39m [38;5;28;01mif[39;00m direction.is_left:
[32m    545[39m     lowest_x = dfc.minimum_x_offset([38;5;28mself[39m.cells)

[31mAmbiguousWaffleError[39m: When using waffle right, your additional selections must all be right of your initial selections.

